Checking out Encounter license ...
Encounter_Digital_Impl_Sys_XL 10.1 license checkout succeeded.
You can run 2 CPU jobs with the base license that is currently checked out.
If required, use the setMultiCpuUsage command to enable multi-CPU processing.
This Encounter release has been compiled with OA version 22.04-p001.

*******************************************************************
*   Copyright (c)  Cadence Design Systems, Inc.  1996 - 2010.     *
*                     All rights reserved.                        *
*                                                                 *
*                                                                 *
*                                                                 *
* This program contains confidential and trade secret information *
* of Cadence Design Systems, Inc. and is protected by copyright   *
* law and international treaties.  Any reproduction, use,         *
* distribution or disclosure of this program or any portion of it,*
* or any attempt to obtain a human-readable version of this       *
* program, without the express, prior written consent of          *
* Cadence Design Systems, Inc., is strictly prohibited.           *
*                                                                 *
*                 Cadence Design Systems, Inc.                    *
*                    2655 Seely Avenue                            *
*                   San Jose, CA 95134,  USA                      *
*                                                                 *
*                                                                 *
*******************************************************************

@(#)CDS: Encounter v10.10-s002_1 (64bit) 01/11/2011 22:20 (Linux 2.6)
@(#)CDS: NanoRoute v10.10-s002 NR110110-1725/USR66-UB (database version 2.30, 109.2.1) {superthreading v1.15}
@(#)CDS: CeltIC v10.10-p001_1 (64bit) 11/30/2010 03:35:01 (Linux 2.6.9-89.0.19.ELsmp)
@(#)CDS: AAE 10.10-p001 (64bit) 01/11/2011 (Linux 2.6.9-89.0.19.ELsmp)
@(#)CDS: CTE 10.10-p001_1 (64bit) Nov 29 2010 23:31:49 (Linux 2.6.9-89.0.19.ELsmp)
@(#)CDS: CPE v10.10-p003
--- Starting "Encounter v10.10-s002_1" on Fri Apr 14 15:42:54 2017 (mem=56.0M) ---
--- Running on cimeld53 (x86_64 w/Linux 3.2.0-4-amd64) ---
This version was compiled on Tue Jan 11 22:20:02 PST 2011.
Set DBUPerIGU to 1000.
Set net toggle Scale Factor to 1.00
Set Shrink Factor to 1.00000
<CMD> win
**INFO (INTERRUPT): One more Ctrl-C to exit Encounter ...
Encounter terminated by user interrupt.
*** Memory pool thread-safe mode activated.

*** Memory Usage v0.166 (Current mem = 235.562M, initial mem = 55.953M) ***
--- Ending "Encounter" (totcpu=0:00:23.8, real=0:11:29, mem=235.6M) ---
